--- VIBE ALCHEMIST V5 | Tier 1 (LOW) ---
--- VIBE ALCHEMIST V5 STARTING ON 0.0.0.0:8000 (reload=False) ---
--- Press Ctrl+C to stop and cleanup temp_faces ---
/home/naman/VibeAlchemist2/vibepro /core/music_downloader.py:11: SyntaxWarning: invalid escape sequence '\ '
  """Sanitize filenames: replace / \ : * ? \" < > | with underscores and limit length."""
2026-04-20 01:55:32,004 | INFO | [STATIC] Serving static files from: /home/naman/VibeAlchemist2/vibepro /static
INFO:     Started server process [22892]
INFO:     Waiting for application startup.
2026-04-20 01:55:32,006 | INFO | Initializing Vibe Alchemist V5 Systems...
2026-04-20 01:55:32,006 | INFO | FFmpeg found at: /usr/bin/ffmpeg
2026-04-20 01:55:42,072 | INFO | VibeEngine V2 initialized with quality-weighted detection
2026-04-20 01:55:42,072 | CRITICAL | MPV NOT INSTALLED! Music playback disabled. Install: apt-get install mpv (Linux) or brew install mpv (Mac)
2026-04-20 01:55:42,072 | WARNING | MPV not installed — music playback disabled. Server will still run vision pipeline.
2026-04-20 01:55:42,073 | INFO | FaceRegistry V2 initialized (threshold=0.55, prune=3600s)
2026-04-20 01:55:42,073 | WARNING | Google Drive credentials not configured. Faces saved locally only. Set GDRIVE_FOLDER_ID + credentials.json in .env to enable Drive sync.
2026-04-20 01:55:42,076 | INFO | Local model not found. Auto-downloading yolov8n.onnx from Ultralytics...
2026-04-20 01:55:42,085 | ERROR | Failed to download yolov8n.onnx: 'yolov8n.onnx' does not exist
2026-04-20 01:55:42,263 | INFO | Local model not found. Auto-downloading yolo11n-face.pt from Ultralytics...
2026-04-20 01:55:43,249 | ERROR | Failed to download yolo11n-face.pt: [Errno 2] No such file or directory: 'yolo11n-face.pt'
2026-04-20 01:55:43,376 | WARNING | Model arcface_r100.onnx missing. Features disabled.
2026-04-20 01:55:43,376 | WARNING | Model dex_age.onnx missing. Features disabled.
2026-04-20 01:55:43,385 | INFO | VisionPipeline V4 initialized: YOLO + Age Fusion + 90-95% accuracy target
2026-04-20 01:55:43,387 | INFO | Demographics: Tier 1 — DEX-Age only (lightweight)
2026-04-20 01:55:43,387 | WARNING | DEX-Age model not found: models/dex_age.onnx
2026-04-20 01:55:43,387 | INFO | DemographicsEngine: MiVOLO=OFF, DEX-Age=OFF
2026-04-20 01:55:43,387 | INFO | V4 Demographics: DEX-Age (Tier 1)
2026-04-20 01:55:43,388 | WARNING | DEX-Age model not found: models/dex_age.onnx
2026-04-20 01:55:43,388 | INFO | AgeEstimator V5: DEX=OFF, EMA α=0.15, multi-signal fusion
2026-04-20 01:55:43,388 | INFO | V4 Age Estimator: ENABLED (DEX + face features + body, EMA α=0.15)
2026-04-20 01:55:43,388 | INFO | AgeEMA initialized: alpha=0.15, stable smoothing
2026-04-20 01:55:43,388 | INFO | V4 EMA Smoother: ENABLED (α=0.15)
2026-04-20 01:55:43,389 | INFO | V4 Face Quality Scorer: ENABLED (5-dimension assessment)
2026-04-20 01:55:43,389 | INFO | AdaptivePipeline: Tier 1 — LOW
2026-04-20 01:55:43,389 | INFO | Schedule: {'detection_every': 1, 'recognition_every': 10, 'demographics_every': 8, 'emotion_every': 0, 'vibe_update_every': 20, 'motion_gate_iou': 0.9}
2026-04-20 01:55:43,400 | ERROR | Detector init failed: 'models/yolov8n-face.onnx' does not exist — detection disabled
/home/naman/VibeAlchemist2/vibepro /venv/lib/python3.12/site-packages/onnxruntime/capi/onnxruntime_inference_collection.py:123: UserWarning: Specified provider 'CUDAExecutionProvider' is not in available provider names.Available providers: 'AzureExecutionProvider, CPUExecutionProvider'
  warnings.warn(
Applied providers: ['CPUExecutionProvider'], with options: {'CPUExecutionProvider': {}}
find model: models/models/buffalo_l/1k3d68.onnx landmark_3d_68 ['None', 3, 192, 192] 0.0 1.0
Applied providers: ['CPUExecutionProvider'], with options: {'CPUExecutionProvider': {}}
find model: models/models/buffalo_l/2d106det.onnx landmark_2d_106 ['None', 3, 192, 192] 0.0 1.0
Applied providers: ['CPUExecutionProvider'], with options: {'CPUExecutionProvider': {}}
find model: models/models/buffalo_l/det_10g.onnx detection [1, 3, '?', '?'] 127.5 128.0
Applied providers: ['CPUExecutionProvider'], with options: {'CPUExecutionProvider': {}}
find model: models/models/buffalo_l/genderage.onnx genderage ['None', 3, 96, 96] 0.0 1.0
Applied providers: ['CPUExecutionProvider'], with options: {'CPUExecutionProvider': {}}
find model: models/models/buffalo_l/w600k_r50.onnx recognition ['None', 3, 112, 112] 127.5 127.5
set det-size: (640, 640)
2026-04-20 01:55:50,099 | INFO | Recognizer: InsightFace buffalo_l (Tier 1 fallback)
2026-04-20 01:55:50,099 | WARNING | Demographics model not found: models/mivolo_xxs.onnx — disabled
2026-04-20 01:55:50,099 | INFO | Emotion: DISABLED (Tier 1)
2026-04-20 01:55:50,099 | INFO | Tracker: simple IoU (Tier 1)
2026-04-20 01:55:50,099 | INFO | V5 AdaptivePipeline: Tier 1 (LOW)
2026-04-20 01:55:50,099 | INFO | V5 AdaptiveVibeController: fuzzy=OFF
2026-04-20 01:55:50,099 | INFO | CameraPool configured with 3 source(s): [0, 'https://192.168.29.150:8080/video', 'http://192.168.29.203:6000/video']
2026-04-20 01:55:50,099 | INFO | Starting CameraPool: 3 source(s)
2026-04-20 01:55:50,099 | INFO |   Camera 0: 0
2026-04-20 01:55:50,100 | INFO | [Cam 0] Connecting (attempt 1): 0
2026-04-20 01:55:50,100 | INFO |   Camera 1: https://192.168.29.150:8080/video
2026-04-20 01:55:50,102 | INFO | [Cam 1] Connecting (attempt 1): https://192.168.29.150:8080/video
2026-04-20 01:55:50,102 | INFO |   Camera 2: http://192.168.29.203:6000/video
2026-04-20 01:55:50,103 | INFO | [Cam 2] Connecting (attempt 1): http://192.168.29.203:6000/video
2026-04-20 01:55:50,103 | INFO | CameraPool started: 3 cameras active
2026-04-20 01:55:50,103 | INFO |   All cameras will be processed independently
2026-04-20 01:55:50,103 | INFO |   Person detection: HUMANS ONLY (COCO class 0)
2026-04-20 01:55:50,104 | INFO |   Face detection: Multi-scale with Haar fallback
2026-04-20 01:55:50,104 | INFO | Vision processing loop started
2026-04-20 01:55:50,104 | INFO | Music handover monitor started (per-song detection tracking)
2026-04-20 01:55:50,104 | INFO | WAITING for face detections before starting first song...
2026-04-20 01:55:50,104 | INFO | [STARTUP] All core modules initialized.
INFO:     Application startup complete.
INFO:     Uvicorn running on http://0.0.0.0:8000 (Press CTRL+C to quit)
INFO:     127.0.0.1:53894 - "GET /api/cameras HTTP/1.1" 200 OK
2026-04-20 01:55:50,482 | INFO | [Cam 0] Connected successfully
INFO:     127.0.0.1:53898 - "GET /api/playback/status HTTP/1.1" 200 OK
INFO:     127.0.0.1:53912 - "GET / HTTP/1.1" 200 OK
2026-04-20 01:55:53,948 | INFO | Cam 0: 1 face(s) | Ages: [17] (avg: 17.0) | Groups: ['youths'] | Avg quality: 0.88
2026-04-20 01:55:54,106 | INFO | Song detection vote: youths wins (youths: 0.9) | 1 detections, dominance: 1.00
2026-04-20 01:55:54,106 | INFO | First boot: 1 face(s) detected -> target: youths
2026-04-20 01:55:54,107 | WARNING | MPV not ready — cannot play /home/naman/VibeAlchemist2/vibepro /OfflinePlayback/youths/STRUCT (Tiktok Version).mp3
2026-04-20 01:55:54,107 | WARNING | player.next() returned False, retrying in 2s
[tcp @ 0x7b2fbc004c40] Connection to tcp://192.168.29.150:8080 failed: Connection timed out
[ WARN:0@24.016] global cap.cpp:215 open VIDEOIO(FFMPEG): backend is generally available but can't be used to capture by name
2026-04-20 01:55:56,108 | INFO | Song detection vote: youths wins (youths: 0.9) | 1 detections, dominance: 1.00
2026-04-20 01:55:56,108 | INFO | First boot: 1 face(s) detected -> target: youths
2026-04-20 01:55:56,109 | WARNING | MPV not ready — cannot play /home/naman/VibeAlchemist2/vibepro /OfflinePlayback/youths/Rakhlo Tum Chupaake.mp3
2026-04-20 01:55:56,109 | WARNING | player.next() returned False, retrying in 2s
2026-04-20 01:55:56,405 | INFO | Cam 0: 2 face(s) | Ages: [17, 17] (avg: 17.0) | Groups: ['youths', 'youths'] | Avg quality: 0.88
2026-04-20 01:55:58,109 | INFO | Song detection vote: youths wins (youths: 2.6) | 3 detections, dominance: 1.00
2026-04-20 01:55:58,109 | INFO | First boot: 3 face(s) detected -> target: youths
2026-04-20 01:55:58,115 | WARNING | MPV not ready — cannot play /home/naman/VibeAlchemist2/vibepro /OfflinePlayback/youths/Divine.mp3
2026-04-20 01:55:58,118 | WARNING | player.next() returned False, retrying in 2s
2026-04-20 01:55:58,869 | INFO | Cam 0: 2 face(s) | Ages: [17, 17] (avg: 17.0) | Groups: ['youths', 'youths'] | Avg quality: 0.88
2026-04-20 01:55:58,869 | INFO | Vibe consensus: youths | Quality: 1.00 | Avg age: 17 | Active cameras: 1
2026-04-20 01:56:00,119 | INFO | Song detection vote: youths wins (youths: 4.4) | 5 detections, dominance: 1.00
2026-04-20 01:56:00,119 | INFO | First boot: 5 face(s) detected -> target: youths
2026-04-20 01:56:00,120 | WARNING | MPV not ready — cannot play /home/naman/VibeAlchemist2/vibepro /OfflinePlayback/youths/Rakhlo Tum Chupaake.mp3
2026-04-20 01:56:00,120 | WARNING | player.next() returned False, retrying in 2s
[tcp @ 0x7b2fb4004bc0] Connection to tcp://192.168.29.203:6000 failed: Connection timed out
[ WARN:1@29.032] global cap.cpp:215 open VIDEOIO(FFMPEG): backend is generally available but can't be used to capture by name
2026-04-20 01:56:00,258 | INFO | [Cam 0] 5.0 FPS (connected: True)
2026-04-20 01:56:01,863 | INFO | Cam 0: 2 face(s) | Ages: [17, 17] (avg: 17.0) | Groups: ['youths', 'youths'] | Avg quality: 0.88
2026-04-20 01:56:02,121 | INFO | Song detection vote: youths wins (youths: 6.2) | 7 detections, dominance: 1.00
2026-04-20 01:56:02,122 | INFO | First boot: 7 face(s) detected -> target: youths
2026-04-20 01:56:02,122 | WARNING | MPV not ready — cannot play /home/naman/VibeAlchemist2/vibepro /OfflinePlayback/youths/STRUCT (Tiktok Version).mp3
2026-04-20 01:56:02,122 | WARNING | player.next() returned False, retrying in 2s
2026-04-20 01:56:04,123 | INFO | Song detection vote: youths wins (youths: 6.2) | 7 detections, dominance: 1.00
2026-04-20 01:56:04,123 | INFO | First boot: 7 face(s) detected -> target: youths
2026-04-20 01:56:04,123 | WARNING | MPV not ready — cannot play /home/naman/VibeAlchemist2/vibepro /OfflinePlayback/youths/STRUCT (Tiktok Version).mp3
2026-04-20 01:56:04,123 | WARNING | player.next() returned False, retrying in 2s
2026-04-20 01:56:04,148 | INFO | Cam 0: 2 face(s) | Ages: [17, 17] (avg: 17.0) | Groups: ['youths', 'youths'] | Avg quality: 0.88
[tcp @ 0x7b2fbc004c40] Connection to tcp://192.168.29.150:8080 failed: Connection timed out
2026-04-20 01:56:05,182 | ERROR | [Cam 1] Failed to open
2026-04-20 01:56:05,182 | WARNING | [Cam 1] Reconnecting in 2s...
2026-04-20 01:56:06,124 | INFO | Song detection vote: youths wins (youths: 7.9) | 9 detections, dominance: 1.00
2026-04-20 01:56:06,124 | INFO | First boot: 9 face(s) detected -> target: youths
2026-04-20 01:56:06,124 | WARNING | MPV not ready — cannot play /home/naman/VibeAlchemist2/vibepro /OfflinePlayback/youths/STRUCT (Tiktok Version).mp3
2026-04-20 01:56:06,124 | WARNING | player.next() returned False, retrying in 2s
2026-04-20 01:56:06,300 | INFO | Cam 0: 2 face(s) | Ages: [17, 17] (avg: 17.0) | Groups: ['youths', 'youths'] | Avg quality: 0.88
2026-04-20 01:56:07,183 | INFO | [Cam 1] Connecting (attempt 2): https://192.168.29.150:8080/video
2026-04-20 01:56:08,126 | INFO | Song detection vote: youths wins (youths: 9.7) | 11 detections, dominance: 1.00
2026-04-20 01:56:08,126 | INFO | First boot: 11 face(s) detected -> target: youths
2026-04-20 01:56:08,126 | WARNING | MPV not ready — cannot play /home/naman/VibeAlchemist2/vibepro /OfflinePlayback/youths/Rakhlo Tum Chupaake.mp3
2026-04-20 01:56:08,126 | WARNING | player.next() returned False, retrying in 2s
2026-04-20 01:56:08,283 | INFO | Cam 0: 2 face(s) | Ages: [17, 17] (avg: 17.0) | Groups: ['youths', 'youths'] | Avg quality: 0.88
2026-04-20 01:56:10,127 | INFO | Song detection vote: youths wins (youths: 11.4) | 13 detections, dominance: 1.00
2026-04-20 01:56:10,127 | INFO | First boot: 13 face(s) detected -> target: youths
2026-04-20 01:56:10,127 | WARNING | MPV not ready — cannot play /home/naman/VibeAlchemist2/vibepro /OfflinePlayback/youths/STRUCT (Tiktok Version).mp3
2026-04-20 01:56:10,128 | WARNING | player.next() returned False, retrying in 2s
2026-04-20 01:56:10,177 | INFO | Cam 0: 2 face(s) | Ages: [17, 17] (avg: 17.0) | Groups: ['youths', 'youths'] | Avg quality: 0.88
[tcp @ 0x7b2fb4004bc0] Connection to tcp://192.168.29.203:6000 failed: Connection timed out
2026-04-20 01:56:10,202 | ERROR | [Cam 2] Failed to open
2026-04-20 01:56:10,202 | WARNING | [Cam 2] Reconnecting in 2s...
2026-04-20 01:56:10,260 | INFO | [Cam 0] 5.7 FPS (connected: True)
2026-04-20 01:56:12,126 | INFO | Cam 0: 2 face(s) | Ages: [17, 17] (avg: 17.0) | Groups: ['youths', 'youths'] | Avg quality: 0.88
2026-04-20 01:56:12,128 | INFO | Song detection vote: youths wins (youths: 15.0) | 17 detections, dominance: 1.00
2026-04-20 01:56:12,128 | INFO | First boot: 17 face(s) detected -> target: youths
2026-04-20 01:56:12,128 | WARNING | MPV not ready — cannot play /home/naman/VibeAlchemist2/vibepro /OfflinePlayback/youths/STRUCT (Tiktok Version).mp3
2026-04-20 01:56:12,129 | WARNING | player.next() returned False, retrying in 2s
2026-04-20 01:56:12,202 | INFO | [Cam 2] Connecting (attempt 2): http://192.168.29.203:6000/video
2026-04-20 01:56:14,030 | INFO | Cam 0: 2 face(s) | Ages: [17, 17] (avg: 17.0) | Groups: ['youths', 'youths'] | Avg quality: 0.88
2026-04-20 01:56:14,129 | INFO | Song detection vote: youths wins (youths: 16.7) | 19 detections, dominance: 1.00
2026-04-20 01:56:14,129 | INFO | First boot: 19 face(s) detected -> target: youths
2026-04-20 01:56:14,130 | WARNING | MPV not ready — cannot play /home/naman/VibeAlchemist2/vibepro /OfflinePlayback/youths/Rakhlo Tum Chupaake.mp3
2026-04-20 01:56:14,130 | WARNING | player.next() returned False, retrying in 2s
[tcp @ 0x7b2fbc004c40] Connection to tcp://192.168.29.150:8080 failed: Connection timed out
[ WARN:0@44.086] global cap.cpp:215 open VIDEOIO(FFMPEG): backend is generally available but can't be used to capture by name
2026-04-20 01:56:15,909 | INFO | Cam 0: 2 face(s) | Ages: [17, 17] (avg: 17.0) | Groups: ['youths', 'youths'] | Avg quality: 0.88
2026-04-20 01:56:16,130 | INFO | Song detection vote: youths wins (youths: 18.5) | 21 detections, dominance: 1.00
2026-04-20 01:56:16,130 | INFO | First boot: 21 face(s) detected -> target: youths
2026-04-20 01:56:16,131 | WARNING | MPV not ready — cannot play /home/naman/VibeAlchemist2/vibepro /OfflinePlayback/youths/STRUCT (Tiktok Version).mp3
2026-04-20 01:56:16,131 | WARNING | player.next() returned False, retrying in 2s
2026-04-20 01:56:18,131 | INFO | Song detection vote: youths wins (youths: 18.5) | 21 detections, dominance: 1.00
2026-04-20 01:56:18,131 | INFO | First boot: 21 face(s) detected -> target: youths
2026-04-20 01:56:18,132 | WARNING | MPV not ready — cannot play /home/naman/VibeAlchemist2/vibepro /OfflinePlayback/youths/Divine.mp3
2026-04-20 01:56:18,132 | WARNING | player.next() returned False, retrying in 2s
2026-04-20 01:56:18,226 | INFO | Cam 0: 2 face(s) | Ages: [17, 17] (avg: 17.0) | Groups: ['youths', 'youths'] | Avg quality: 0.88
2026-04-20 01:56:20,134 | INFO | Song detection vote: youths wins (youths: 20.2) | 23 detections, dominance: 1.00
2026-04-20 01:56:20,134 | INFO | First boot: 23 face(s) detected -> target: youths
2026-04-20 01:56:20,134 | WARNING | MPV not ready — cannot play /home/naman/VibeAlchemist2/vibepro /OfflinePlayback/youths/Rakhlo Tum Chupaake.mp3
2026-04-20 01:56:20,134 | WARNING | player.next() returned False, retrying in 2s
2026-04-20 01:56:20,166 | INFO | Cam 0: 2 face(s) | Ages: [17, 17] (avg: 17.0) | Groups: ['youths', 'youths'] | Avg quality: 0.88
[tcp @ 0x7b2fbc004c40] Connection to tcp://192.168.29.150:8080 failed: Connection timed out
2026-04-20 01:56:20,226 | ERROR | [Cam 1] Failed to open
2026-04-20 01:56:20,226 | WARNING | [Cam 1] Reconnecting in 3.0s...
2026-04-20 01:56:20,359 | INFO | [Cam 0] 5.6 FPS (connected: True)
2026-04-20 01:56:22,135 | INFO | Song detection vote: youths wins (youths: 22.0) | 25 detections, dominance: 1.00
2026-04-20 01:56:22,135 | INFO | First boot: 25 face(s) detected -> target: youths
2026-04-20 01:56:22,135 | WARNING | MPV not ready — cannot play /home/naman/VibeAlchemist2/vibepro /OfflinePlayback/youths/Rakhlo Tum Chupaake.mp3
2026-04-20 01:56:22,136 | WARNING | player.next() returned False, retrying in 2s
2026-04-20 01:56:22,185 | INFO | Cam 0: 2 face(s) | Ages: [17, 17] (avg: 17.0) | Groups: ['youths', 'youths'] | Avg quality: 0.88
INFO:     127.0.0.1:42370 - "GET / HTTP/1.1" 200 OK
2026-04-20 01:56:23,227 | INFO | [Cam 1] Connecting (attempt 3): https://192.168.29.150:8080/video
INFO:     127.0.0.1:42370 - "GET /assets/index-DVbIWnZd.js HTTP/1.1" 200 OK
INFO:     127.0.0.1:42386 - "GET /assets/index-CqhXDkjF.css HTTP/1.1" 200 OK
INFO:     127.0.0.1:42386 - "GET /api/playback/status HTTP/1.1" 200 OK
INFO:     127.0.0.1:42370 - "GET /api/faces/drive/status HTTP/1.1" 200 OK
INFO:     127.0.0.1:42394 - "WebSocket /ws" [accepted]
INFO:     127.0.0.1:42406 - "GET /api/cameras HTTP/1.1" 200 OK
INFO:     connection open
INFO:     127.0.0.1:42420 - "GET /api/faces HTTP/1.1" 200 OK
INFO:     127.0.0.1:42386 - "GET /api/cameras HTTP/1.1" 200 OK
INFO:     127.0.0.1:42436 - "GET /api/playback/library HTTP/1.1" 200 OK
2026-04-20 01:56:24,136 | INFO | Song detection vote: youths wins (youths: 23.8) | 27 detections, dominance: 1.00
2026-04-20 01:56:24,136 | INFO | First boot: 27 face(s) detected -> target: youths
2026-04-20 01:56:24,136 | WARNING | MPV not ready — cannot play /home/naman/VibeAlchemist2/vibepro /OfflinePlayback/youths/STRUCT (Tiktok Version).mp3
2026-04-20 01:56:24,137 | WARNING | player.next() returned False, retrying in 2s
INFO:     127.0.0.1:42386 - "GET /feed/0 HTTP/1.1" 200 OK
INFO:     127.0.0.1:42436 - "GET /feed/1 HTTP/1.1" 200 OK
INFO:     127.0.0.1:42406 - "GET /feed/2 HTTP/1.1" 200 OK
[tcp @ 0x7b2fb4004bc0] Connection to tcp://192.168.29.203:6000 failed: Connection timed out
[ WARN:1@54.129] global cap.cpp:215 open VIDEOIO(FFMPEG): backend is generally available but can't be used to capture by name
INFO:     127.0.0.1:42420 - "GET /favicon.ico HTTP/1.1" 200 OK
2026-04-20 01:56:26,139 | INFO | Song detection vote: youths wins (youths: 23.8) | 27 detections, dominance: 1.00
2026-04-20 01:56:26,140 | INFO | First boot: 27 face(s) detected -> target: youths
2026-04-20 01:56:26,141 | WARNING | MPV not ready — cannot play /home/naman/VibeAlchemist2/vibepro /OfflinePlayback/youths/STRUCT (Tiktok Version).mp3
2026-04-20 01:56:26,141 | WARNING | player.next() returned False, retrying in 2s
2026-04-20 01:56:28,159 | INFO | Song detection vote: youths wins (youths: 23.8) | 27 detections, dominance: 1.00
2026-04-20 01:56:28,159 | INFO | First boot: 27 face(s) detected -> target: youths
2026-04-20 01:56:28,160 | WARNING | MPV not ready — cannot play /home/naman/VibeAlchemist2/vibepro /OfflinePlayback/youths/Rakhlo Tum Chupaake.mp3
2026-04-20 01:56:28,160 | WARNING | player.next() returned False, retrying in 2s
2026-04-20 01:56:30,165 | INFO | Song detection vote: youths wins (youths: 23.8) | 27 detections, dominance: 1.00
2026-04-20 01:56:30,165 | INFO | First boot: 27 face(s) detected -> target: youths
2026-04-20 01:56:30,165 | WARNING | MPV not ready — cannot play /home/naman/VibeAlchemist2/vibepro /OfflinePlayback/youths/Rakhlo Tum Chupaake.mp3
2026-04-20 01:56:30,166 | WARNING | player.next() returned False, retrying in 2s
2026-04-20 01:56:30,350 | INFO | Cam 0: 2 face(s) | Ages: [17, 17] (avg: 17.0) | Groups: ['youths', 'youths'] | Avg quality: 0.88
2026-04-20 01:56:30,367 | INFO | [Cam 0] 5.6 FPS (connected: True)
[tcp @ 0x7b2fbc004c40] Connection to tcp://192.168.29.150:8080 failed: Connection timed out
[ WARN:0@59.258] global cap.cpp:215 open VIDEOIO(FFMPEG): backend is generally available but can't be used to capture by name
2026-04-20 01:56:32,170 | INFO | Song detection vote: youths wins (youths: 25.5) | 29 detections, dominance: 1.00
2026-04-20 01:56:32,170 | INFO | First boot: 29 face(s) detected -> target: youths
2026-04-20 01:56:32,178 | WARNING | MPV not ready — cannot play /home/naman/VibeAlchemist2/vibepro /OfflinePlayback/youths/Divine.mp3
2026-04-20 01:56:32,178 | WARNING | player.next() returned False, retrying in 2s
2026-04-20 01:56:34,182 | INFO | Song detection vote: youths wins (youths: 25.5) | 29 detections, dominance: 1.00
2026-04-20 01:56:34,182 | INFO | First boot: 29 face(s) detected -> target: youths
2026-04-20 01:56:34,183 | WARNING | MPV not ready — cannot play /home/naman/VibeAlchemist2/vibepro /OfflinePlayback/youths/Divine.mp3
2026-04-20 01:56:34,183 | WARNING | player.next() returned False, retrying in 2s
[tcp @ 0x7b2fb4004bc0] Connection to tcp://192.168.29.203:6000 failed: Connection timed out
2026-04-20 01:56:35,561 | ERROR | [Cam 2] Failed to open
2026-04-20 01:56:35,561 | WARNING | [Cam 2] Reconnecting in 3.0s...
2026-04-20 01:56:36,193 | INFO | Song detection vote: youths wins (youths: 25.5) | 29 detections, dominance: 1.00
2026-04-20 01:56:36,193 | INFO | First boot: 29 face(s) detected -> target: youths
2026-04-20 01:56:36,193 | WARNING | MPV not ready — cannot play /home/naman/VibeAlchemist2/vibepro /OfflinePlayback/youths/Divine.mp3
2026-04-20 01:56:36,193 | WARNING | player.next() returned False, retrying in 2s
2026-04-20 01:56:38,212 | INFO | Song detection vote: youths wins (youths: 25.5) | 29 detections, dominance: 1.00
2026-04-20 01:56:38,216 | INFO | First boot: 29 face(s) detected -> target: youths
2026-04-20 01:56:38,220 | WARNING | MPV not ready — cannot play /home/naman/VibeAlchemist2/vibepro /OfflinePlayback/youths/Divine.mp3
2026-04-20 01:56:38,220 | WARNING | player.next() returned False, retrying in 2s
2026-04-20 01:56:38,562 | INFO | [Cam 2] Connecting (attempt 3): http://192.168.29.203:6000/video
2026-04-20 01:56:40,221 | INFO | Song detection vote: youths wins (youths: 25.5) | 29 detections, dominance: 1.00
2026-04-20 01:56:40,223 | INFO | First boot: 29 face(s) detected -> target: youths
2026-04-20 01:56:40,223 | WARNING | MPV not ready — cannot play /home/naman/VibeAlchemist2/vibepro /OfflinePlayback/youths/Rakhlo Tum Chupaake.mp3
2026-04-20 01:56:40,223 | WARNING | player.next() returned False, retrying in 2s
2026-04-20 01:56:40,466 | INFO | [Cam 0] 5.6 FPS (connected: True)
[tcp @ 0x7b2fbc004c40] Connection to tcp://192.168.29.150:8080 failed: Connection timed out
2026-04-20 01:56:40,657 | ERROR | [Cam 1] Failed to open
2026-04-20 01:56:40,657 | WARNING | [Cam 1] Reconnecting in 4.5s...
[tcp @ 0x7b2fb4004bc0] Connection to tcp://192.168.29.203:6000 failed: Connection timed out
[ WARN:1@78.386] global cap.cpp:215 open VIDEOIO(FFMPEG): backend is generally available but can't be used to capture by name
